2019-01-22 message_client.py[line:21] test info
2019-01-22 message_client.py[line:22] test debug
2019-01-22 message_client.py[line:23] test warning
2019-01-22 message_client.py[line:24] test error
2019-01-22 message_client.py[line:25] test critical
2019-01-22 message_client.py[line:21] test info
2019-01-22 message_client.py[line:22] test debug
2019-01-22 message_client.py[line:23] test warning
2019-01-22 message_client.py[line:24] test error
2019-01-22 message_client.py[line:25] test critical
2019-01-22 message_client.py[line:21] test info
2019-01-22 message_client.py[line:23] test warning
2019-01-22 message_client.py[line:24] test error
2019-01-22 message_client.py[line:25] test critical
2019-01-22 message_client.py[line:21] test info
2019-01-22 message_client.py[line:23] test warning
2019-01-22 message_client.py[line:24] test error
2019-01-22 message_client.py[line:25] test critical
2019-01-22 message_client.py[line:21] test info
2019-01-22 message_client.py[line:21] test info
2019-01-22 message_client.py[line:21] test info
2019-01-22 message_client.py[line:21] test info
2019-01-22 message_client.py[line:21] test info
2019-01-22 message_client.py[line:21] test info
2019-01-22 message_client.py[line:21] test info
2019-01-22 message_client.py[line:21] test info
2019-01-22 message_client.py[line:21] test info
2019-01-22 message_client.py[line:21] test info
2019-01-23 message_client.py[line:21] test info
2019-01-23 message_client.py[line:21] test info
2019-01-23 message_client.py[line:21] test info
2019-01-23 message_client.py[line:21] test info
2019-01-23 message_client.py[line:21] test info
2019-01-23 message_client.py[line:21] test info
